Build started 08/12/2016 12:40:58.
     1>Project "C:\Users\Gcinizwe\Documents\Maximum Flow Problem\MaximumFlowProblem\MaximumFlowProblem\MaximumFlowProblem\MaximumFlowProblem.vcxproj" on node 2 (build target(s)).
     1>InitializeBuildStatus:
         Creating "Debug\MaximumFlowProblem.unsuccessfulbuild" because "AlwaysCreate" was specified.
       ClCompile:
         C:\Program Files (x86)\Microsoft Visual Studio 10.0\VC\bin\CL.exe /c /ZI /nologo /W3 /WX- /Od /Oy- /D WIN32 /D _DEBUG /D _CONSOLE /D _UNICODE /D UNICODE /Gm /EHsc /RTC1 /MDd /GS /fp:precise /Zc:wchar_t /Zc:forScope /Fo"Debug\\" /Fd"Debug\vc100.pdb" /Gd /TP /analyze- /errorReport:prompt Main.cpp
         Main.cpp
       Link:
         C:\Program Files (x86)\Microsoft Visual Studio 10.0\VC\bin\link.exe /ERRORREPORT:PROMPT /OUT:"C:\Users\Gcinizwe\Documents\Maximum Flow Problem\MaximumFlowProblem\MaximumFlowProblem\Debug\MaximumFlowProblem.exe" /INCREMENTAL:NO /NOLOGO kernel32.lib user32.lib gdi32.lib winspool.lib comdlg32.lib advapi32.lib shell32.lib ole32.lib oleaut32.lib uuid.lib odbc32.lib odbccp32.lib /MANIFEST /ManifestFile:"Debug\MaximumFlowProblem.exe.intermediate.manifest" /MANIFESTUAC:"level='asInvoker' uiAccess='false'" /DEBUG /PDB:"C:\Users\Gcinizwe\Documents\Maximum Flow Problem\MaximumFlowProblem\MaximumFlowProblem\Debug\MaximumFlowProblem.pdb" /SUBSYSTEM:CONSOLE /TLBID:1 /DYNAMICBASE /NXCOMPAT /IMPLIB:"C:\Users\Gcinizwe\Documents\Maximum Flow Problem\MaximumFlowProblem\MaximumFlowProblem\Debug\MaximumFlowProblem.lib" /MACHINE:X86 Debug\Edge.obj
         Debug\FordFulkersonBasics.obj
         Debug\Main.obj
         Debug\Network.obj
         Debug\Vertex.obj
     1>Edge.obj : warning LNK4075: ignoring '/EDITANDCONTINUE' due to '/INCREMENTAL:NO' specification
         MaximumFlowProblem.vcxproj -> C:\Users\Gcinizwe\Documents\Maximum Flow Problem\MaximumFlowProblem\MaximumFlowProblem\Debug\MaximumFlowProblem.exe
       Manifest:
         C:\Program Files (x86)\Microsoft SDKs\Windows\v7.0A\bin\mt.exe /nologo /verbose /outputresource:"C:\Users\Gcinizwe\Documents\Maximum Flow Problem\MaximumFlowProblem\MaximumFlowProblem\Debug\MaximumFlowProblem.exe;#1" /manifest Debug\MaximumFlowProblem.exe.intermediate.manifest
       FinalizeBuildStatus:
         Deleting file "Debug\MaximumFlowProblem.unsuccessfulbuild".
         Touching "Debug\MaximumFlowProblem.lastbuildstate".
     1>Done Building Project "C:\Users\Gcinizwe\Documents\Maximum Flow Problem\MaximumFlowProblem\MaximumFlowProblem\MaximumFlowProblem\MaximumFlowProblem.vcxproj" (build target(s)).

Build succeeded.

Time Elapsed 00:00:03.51
