c:\users\gcinizwe\documents\visual studio 2010\projects\maximumflowproblem\maximumflowproblem\debug\vc100.pdb
c:\users\gcinizwe\documents\visual studio 2010\projects\maximumflowproblem\maximumflowproblem\debug\edge.obj
c:\users\gcinizwe\documents\visual studio 2010\projects\maximumflowproblem\maximumflowproblem\debug\main.obj
c:\users\gcinizwe\documents\visual studio 2010\projects\maximumflowproblem\maximumflowproblem\debug\vertex.obj
c:\users\gcinizwe\documents\maximum flow problem\maximumflowproblem\maximumflowproblem\debug\edge.obj
c:\users\gcinizwe\documents\maximum flow problem\maximumflowproblem\maximumflowproblem\debug\vertex.obj
c:\users\gcinizwe\documents\maximum flow problem\maximumflowproblem\maximumflowproblem\debug\main.obj
c:\users\gcinizwe\documents\maximum flow problem\maximumflowproblem\maximumflowproblem\debug\vc100.pdb
c:\users\gcinizwe\documents\maximum flow problem\maximumflowproblem\maximumflowproblem\debug\network.obj
c:\users\gcinizwe\documents\maximum flow problem\maximumflowproblem\maximumflowproblem\maximumflowproblem\debug\edge.obj
c:\users\gcinizwe\documents\maximum flow problem\maximumflowproblem\maximumflowproblem\maximumflowproblem\debug\network.obj
c:\users\gcinizwe\documents\maximum flow problem\maximumflowproblem\maximumflowproblem\maximumflowproblem\debug\vertex.obj
c:\users\gcinizwe\documents\maximum flow problem\maximumflowproblem\maximumflowproblem\maximumflowproblem\debug\main.obj
c:\users\gcinizwe\documents\maximum flow problem\maximumflowproblem\maximumflowproblem\maximumflowproblem\debug\vc100.pdb
c:\users\gcinizwe\documents\maximum flow problem\maximumflowproblem\maximumflowproblem\maximumflowproblem\debug\fordfulkersonbasics.obj
c:\users\gcinizwe\documents\visual studio 2010\projects\maximumflowproblem\debug\maximumflowproblem.exe
c:\users\gcinizwe\documents\visual studio 2010\projects\maximumflowproblem\maximumflowproblem\debug\maximumflowproblem.exe.intermediate.manifest
c:\users\gcinizwe\documents\visual studio 2010\projects\maximumflowproblem\debug\maximumflowproblem.pdb
c:\users\gcinizwe\documents\maximum flow problem\maximumflowproblem\debug\maximumflowproblem.exe
c:\users\gcinizwe\documents\maximum flow problem\maximumflowproblem\maximumflowproblem\debug\maximumflowproblem.exe.intermediate.manifest
c:\users\gcinizwe\documents\maximum flow problem\maximumflowproblem\debug\maximumflowproblem.pdb
c:\users\gcinizwe\documents\maximum flow problem\maximumflowproblem\maximumflowproblem\debug\maximumflowproblem.exe
c:\users\gcinizwe\documents\maximum flow problem\maximumflowproblem\maximumflowproblem\maximumflowproblem\debug\maximumflowproblem.exe.intermediate.manifest
c:\users\gcinizwe\documents\maximum flow problem\maximumflowproblem\maximumflowproblem\debug\maximumflowproblem.pdb
c:\users\gcinizwe\documents\visual studio 2010\projects\maximumflowproblem\maximumflowproblem\debug\maximumflowproblem.exe.embed.manifest.res
c:\users\gcinizwe\documents\maximum flow problem\maximumflowproblem\maximumflowproblem\maximumflowproblem\debug\vc140.pdb
c:\users\gcinizwe\documents\maximum flow problem\maximumflowproblem\maximumflowproblem\maximumflowproblem\debug\vc140.idb
c:\users\gcinizwe\documents\maximum flow problem\maximumflowproblem\maximumflowproblem\maximumflowproblem\debug\maximumflowproblem.vcxprojresolveassemblyreference.cache
c:\users\gcinizwe\documents\maximum flow problem\maximumflowproblem\maximumflowproblem\maximumflowproblem\debug\cl.command.1.tlog
c:\users\gcinizwe\documents\maximum flow problem\maximumflowproblem\maximumflowproblem\maximumflowproblem\debug\cl.read.1.tlog
c:\users\gcinizwe\documents\maximum flow problem\maximumflowproblem\maximumflowproblem\maximumflowproblem\debug\cl.write.1.tlog
c:\users\gcinizwe\documents\maximum flow problem\maximumflowproblem\maximumflowproblem\maximumflowproblem\debug\link.command.1.tlog
c:\users\gcinizwe\documents\maximum flow problem\maximumflowproblem\maximumflowproblem\maximumflowproblem\debug\link.read.1.tlog
c:\users\gcinizwe\documents\maximum flow problem\maximumflowproblem\maximumflowproblem\maximumflowproblem\debug\link.write.1.tlog
c:\users\gcinizwe\documents\maximum flow problem\maximumflowproblem\maximumflowproblem\maximumflowproblem\debug\maximumflowproblem.write.1.tlog
c:\users\gcinizwe\documents\maximum flow problem\maximumflowproblem\maximumflowproblem\maximumflowproblem\debug\mt.command.1.tlog
c:\users\gcinizwe\documents\maximum flow problem\maximumflowproblem\maximumflowproblem\maximumflowproblem\debug\mt.read.1.tlog
c:\users\gcinizwe\documents\maximum flow problem\maximumflowproblem\maximumflowproblem\maximumflowproblem\debug\mt.write.1.tlog
c:\users\gcinizwe\documents\maximum flow problem\maximumflowproblem\maximumflowproblem\maximumflowproblem\debug\rc.command.1.tlog
c:\users\gcinizwe\documents\maximum flow problem\maximumflowproblem\maximumflowproblem\maximumflowproblem\debug\rc.read.1.tlog
c:\users\gcinizwe\documents\maximum flow problem\maximumflowproblem\maximumflowproblem\maximumflowproblem\debug\rc.write.1.tlog
c:\users\gcinizwe\documents\maximum flow problem\maximumflowproblem\maximumflowproblem\maximumflowproblem\debug\maximumflowproblem.exe.embed.manifest
c:\users\gcinizwe\documents\maximum flow problem\maximumflowproblem\maximumflowproblem\maximumflowproblem\debug\maximumflowproblem.exe.embed.manifest.res
c:\users\gcinizwe\documents\maximum flow problem\maximumflowproblem\maximumflowproblem\maximumflowproblem\debug\vc100.idb
c:\users\gcinizwe\documents\maximum flow problem\maximumflowproblem\maximumflowproblem\maximumflowproblem\debug\maximumflowproblem_manifest.rc
c:\users\gcinizwe\documents\maximum flow problem\maximumflowproblem\maximumflowproblem\maximumflowproblem\debug\maximumf.4d40bc9e.tlog\cl.command.1.tlog
c:\users\gcinizwe\documents\maximum flow problem\maximumflowproblem\maximumflowproblem\maximumflowproblem\debug\maximumf.4d40bc9e.tlog\cl.read.1.tlog
c:\users\gcinizwe\documents\maximum flow problem\maximumflowproblem\maximumflowproblem\maximumflowproblem\debug\maximumf.4d40bc9e.tlog\cl.write.1.tlog
c:\users\gcinizwe\documents\maximum flow problem\maximumflowproblem\maximumflowproblem\maximumflowproblem\debug\maximumf.4d40bc9e.tlog\link-cvtres.read.1.tlog
c:\users\gcinizwe\documents\maximum flow problem\maximumflowproblem\maximumflowproblem\maximumflowproblem\debug\maximumf.4d40bc9e.tlog\link-cvtres.write.1.tlog
c:\users\gcinizwe\documents\maximum flow problem\maximumflowproblem\maximumflowproblem\maximumflowproblem\debug\maximumf.4d40bc9e.tlog\link-rc.read.1.tlog
c:\users\gcinizwe\documents\maximum flow problem\maximumflowproblem\maximumflowproblem\maximumflowproblem\debug\maximumf.4d40bc9e.tlog\link-rc.write.1.tlog
c:\users\gcinizwe\documents\maximum flow problem\maximumflowproblem\maximumflowproblem\maximumflowproblem\debug\maximumf.4d40bc9e.tlog\link.command.1.tlog
c:\users\gcinizwe\documents\maximum flow problem\maximumflowproblem\maximumflowproblem\maximumflowproblem\debug\maximumf.4d40bc9e.tlog\link.read.1.tlog
c:\users\gcinizwe\documents\maximum flow problem\maximumflowproblem\maximumflowproblem\maximumflowproblem\debug\maximumf.4d40bc9e.tlog\link.write.1.tlog
